<?xml version="1.0" encoding="UTF-8"?>
<!-- Generated by org.testng.reporters.JUnitReportReporter -->
<testsuite hostname="DESKTOP-TCBCG20" failures="0" tests="1" name="TestNGReview.TestNGReview" time="0.012" errors="0" timestamp="2021-09-01T18:36:08 IST" skipped="0">
  <testcase classname="TestNGReview.TestNGReview" name="f" time="0.012"/>
  <system-out/>
</testsuite> <!-- TestNGReview.TestNGReview -->
